<?xml version="1.0" encoding="UTF-8"?>
<!-- Generated by org.testng.reporters.JUnitReportReporter -->
<testsuite hostname="DESKTOP-E115GFV" failures="0" tests="1" name="com.qa.testbase.TestBase" time="10.477" errors="0" timestamp="2022-10-03T21:38:45 IST" skipped="0">
  <testcase classname="com.qa.testbase.TestBase" name="setUp" time="10.477"/>
  <system-out/>
</testsuite> <!-- com.qa.testbase.TestBase -->
